<?xml version="1.0" encoding="UTF-8"?>
<!-- Generated by org.testng.reporters.JUnitReportReporter -->
<testsuite hostname="DESKTOP-4K2IFQ7" failures="0" tests="1" name="GETAPIs.GETAPIRequestTest" time="3.038" errors="0" timestamp="2024-01-31T12:07:58 IST" skipped="0">
  <testcase classname="GETAPIs.GETAPIRequestTest" name="getAllUsersAPITest" time="3.038"/>
</testsuite> <!-- GETAPIs.GETAPIRequestTest -->
