<?xml version="1.0" encoding="UTF-8"?>
<!-- Generated by org.testng.reporters.JUnitReportReporter -->
<testsuite hostname="DESKTOP-4K2IFQ7" failures="0" tests="1" name="GETAPIs.GETAPIRequestWithBDD" time="3.568" errors="0" timestamp="2024-02-03T07:18:50 IST" skipped="0">
  <testcase classname="GETAPIs.GETAPIRequestWithBDD" name="getProductDataAPI_With_Extract_Body_withArray" time="3.568"/>
</testsuite> <!-- GETAPIs.GETAPIRequestWithBDD -->
